============================================================================================================================================
Table Name: global		 Parent Name: None
============================================================================================================================================
Name                Type                                    Initial Value       Offset              Size                Child               

main                function                                                    0                   4                   main                
n1                  int                                                         4                   4                   NULL                
t0                  int                                     2                   8                   4                   NULL                
--------------------------------------------------------------------------------------------------------------------------------------------


============================================================================================================================================
Table Name: main		 Parent Name: global
============================================================================================================================================
Name                Type                                    Initial Value       Offset              Size                Child               

f1                  float                                                       0                   8                   NULL                
f2                  float                                                       8                   8                   NULL                
f3                  float                                                       16                  8                   NULL                
n2                  int                                                         24                  4                   NULL                
n3                  int                                                         28                  4                   NULL                
return              int                                                         32                  4                   NULL                
t1                  int                                     2                   36                  4                   NULL                
t10                 int                                                         40                  4                   NULL                
t11                 float                                                       44                  8                   NULL                
t12                 float                                                       52                  8                   NULL                
t13                 float                                                       60                  8                   NULL                
t14                 int                                                         68                  4                   NULL                
t15                 int                                                         72                  4                   NULL                
t16                 int                                                         76                  4                   NULL                
t17                 int                                                         80                  4                   NULL                
t18                 int                                                         84                  4                   NULL                
t19                 int                                     0                   88                  4                   NULL                
t2                  int                                                         92                  4                   NULL                
t3                  int                                     2                   96                  4                   NULL                
t4                  int                                                         100                 4                   NULL                
t5                  int                                                         104                 4                   NULL                
t6                  float                                                       108                 8                   NULL                
t7                  float                                                       116                 8                   NULL                
t8                  int                                                         124                 4                   NULL                
t9                  int                                                         128                 4                   NULL                
--------------------------------------------------------------------------------------------------------------------------------------------


1   : 	t0 = 2
2   : main
3   : 	t1 = 2
4   : 	t2 = n2 << t1
5   : 	n1 = t2
6   : 	t3 = 2
7   : 	t4 = n1 >> t3
8   : 	n2 = t4
9   : 	t5 = n1 * n2
10  : 	t6 = INT_TO_Float(t5)
11  : 	t7 = t6 / f3
12  : 	t8 = Float_TO_Int(t7)
13  : 	n3 = t8
14  : 	t9 = - n2
15  : 	t10 = t9 - n3
16  : 	t11 = INT_TO_Float(t10)
17  : 	t12 = t11 * f1
18  : 	t13 = f1 + t12
19  : 	f2 = t13
20  : 	t14 = n2 ^ n3
21  : 	n1 = t14
22  : 	t15 = n1 & n2
23  : 	t16 = t15 | n3
24  : 	n2 = t16
25  : 	t17 = n2 | n3
26  : 	t18 = n1 & t17
27  : 	n3 = t18
28  : 	t19 = 0
29  : 	return t19
